TN:
SF:c:\Users\elizagr\Source\Repos\FoodTruckSearch\FoodTruckLocator\index.js
FN:22,initialize
FN:54,(anonymous_1)
FN:64,(anonymous_2)
FN:115,(anonymous_3)
FN:138,(anonymous_4)
FN:143,(anonymous_5)
FN:148,(anonymous_6)
FN:156,(anonymous_7)
FN:161,(anonymous_8)
FN:169,loadTruckData
FN:172,(anonymous_10)
FN:173,(anonymous_11)
FN:223,performSearch
FN:230,(anonymous_13)
FN:246,setMapToUserLocation
FN:248,(anonymous_15)
FN:254,(anonymous_16)
FN:273,updateListItems
FN:287,(anonymous_18)
FN:295,(anonymous_19)
FN:326,(anonymous_20)
FN:354,getOpenTillTime
FN:389,itemSelected
FN:410,showPopup
FN:474,getAddressLine2
FNF:25
FNH:0
FNDA:0,initialize
FNDA:0,(anonymous_1)
FNDA:0,(anonymous_2)
FNDA:0,(anonymous_3)
FNDA:0,(anonymous_4)
FNDA:0,(anonymous_5)
FNDA:0,(anonymous_6)
FNDA:0,(anonymous_7)
FNDA:0,(anonymous_8)
FNDA:0,loadTruckData
FNDA:0,(anonymous_10)
FNDA:0,(anonymous_11)
FNDA:0,performSearch
FNDA:0,(anonymous_13)
FNDA:0,setMapToUserLocation
FNDA:0,(anonymous_15)
FNDA:0,(anonymous_16)
FNDA:0,updateListItems
FNDA:0,(anonymous_18)
FNDA:0,(anonymous_19)
FNDA:0,(anonymous_20)
FNDA:0,getOpenTillTime
FNDA:0,itemSelected
FNDA:0,showPopup
FNDA:0,getAddressLine2
DA:8,0
DA:11,0
DA:14,0
DA:17,0
DA:20,0
DA:24,0
DA:37,0
DA:40,0
DA:43,0
DA:48,0
DA:51,0
DA:54,0
DA:55,0
DA:56,0
DA:61,0
DA:64,0
DA:66,0
DA:71,0
DA:76,0
DA:79,0
DA:84,0
DA:87,0
DA:90,0
DA:99,0
DA:112,0
DA:115,0
DA:118,0
DA:135,0
DA:138,0
DA:139,0
DA:143,0
DA:144,0
DA:148,0
DA:149,0
DA:156,0
DA:157,0
DA:161,0
DA:163,0
DA:171,0
DA:172,0
DA:176,0
DA:179,0
DA:182,0
DA:185,0
DA:186,0
DA:189,0
DA:190,0
DA:194,0
DA:195,0
DA:198,0
DA:200,0
DA:216,0
DA:219,0
DA:224,0
DA:227,0
DA:232,0
DA:234,0
DA:236,0
DA:241,0
DA:248,0
DA:250,0
DA:256,0
DA:258,0
DA:259,0
DA:261,0
DA:262,0
DA:264,0
DA:265,0
DA:267,0
DA:268,0
DA:275,0
DA:280,0
DA:282,0
DA:285,0
DA:287,0
DA:288,0
DA:290,0
DA:295,0
DA:296,0
DA:300,0
DA:302,0
DA:304,0
DA:307,0
DA:313,0
DA:326,0
DA:327,0
DA:329,0
DA:346,0
DA:349,0
DA:355,0
DA:356,0
DA:360,0
DA:361,0
DA:362,0
DA:363,0
DA:365,0
DA:368,0
DA:370,0
DA:371,0
DA:372,0
DA:373,0
DA:375,0
DA:378,0
DA:379,0
DA:381,0
DA:385,0
DA:391,0
DA:392,0
DA:395,0
DA:399,0
DA:401,0
DA:404,0
DA:411,0
DA:432,0
DA:434,0
DA:448,0
DA:449,0
DA:451,0
DA:452,0
DA:455,0
DA:456,0
DA:460,0
DA:463,0
DA:470,0
DA:475,0
DA:477,0
DA:478,0
DA:481,0
DA:482,0
DA:485,0
DA:489,0
LF:131
LH:0
BRDA:55,0,0,0
BRDA:55,0,1,0
BRDA:198,1,0,0
BRDA:198,1,1,0
BRDA:234,2,0,0
BRDA:234,2,1,0
BRDA:256,3,0,0
BRDA:256,3,1,0
BRDA:256,3,2,0
BRDA:256,3,3,0
BRDA:288,4,0,0
BRDA:288,4,1,0
BRDA:300,5,0,0
BRDA:300,5,1,0
BRDA:360,6,0,0
BRDA:360,6,1,0
BRDA:362,7,0,0
BRDA:362,7,1,0
BRDA:362,8,0,0
BRDA:362,8,1,0
BRDA:370,9,0,0
BRDA:370,9,1,0
BRDA:372,10,0,0
BRDA:372,10,1,0
BRDA:378,11,0,0
BRDA:378,11,1,0
BRDA:399,12,0,0
BRDA:399,12,1,0
BRDA:448,13,0,0
BRDA:448,13,1,0
BRDA:448,14,0,0
BRDA:448,14,1,0
BRDA:451,15,0,0
BRDA:451,15,1,0
BRDA:455,16,0,0
BRDA:455,16,1,0
BRDA:477,17,0,0
BRDA:477,17,1,0
BRDA:481,18,0,0
BRDA:481,18,1,0
BRF:40
BRH:0
end_of_record
TN:
SF:c:\Users\elizagr\Source\Repos\FoodTruckSearch\FoodTruckLocator\utils\loadTruckData.js
FN:5,(anonymous_0)
FNF:1
FNH:1
FNDA:1,(anonymous_0)
DA:4,1
DA:7,1
DA:8,0
DA:11,0
DA:14,0
DA:17,0
DA:20,0
DA:21,0
DA:24,0
DA:25,0
DA:29,0
DA:30,0
DA:33,0
DA:35,0
DA:50,0
LF:15
LH:2
BRDA:33,0,0,0
BRDA:33,0,1,0
BRF:2
BRH:0
end_of_record
